\BOOKMARK [0][-]{section*.2}{Upgrading the Near Detector of T2K, the Beam Test of a New Scintillator Detector Design, and Electron Neutrino Detection in a Neutrino Beam 0mm}{}% 2
\BOOKMARK [1][-]{section*.1}{Abstract}{section*.2}% 1
\BOOKMARK [1][-]{section*.3}{Contents}{section*.2}% 3
\BOOKMARK [1][-]{section*.4}{Introduction}{section*.2}% 4
\BOOKMARK [1][-]{section*.5}{Neutrino Oscillation Model}{section*.2}% 5
\BOOKMARK [1][-]{section*.6}{T2K}{section*.2}% 6
\BOOKMARK [1][-]{section*.9}{ND280: Current State}{section*.2}% 7
\BOOKMARK [2][-]{section*.11}{0 Detector \(P\330D\)}{section*.9}% 8
\BOOKMARK [2][-]{section*.12}{Fine Grain Detectors \(FGDs\)}{section*.9}% 9
\BOOKMARK [2][-]{section*.13}{Time Projection Chambers \(TPCs\)}{section*.9}% 10
\BOOKMARK [2][-]{section*.14}{Electronic Calorimeter \(ECal\)}{section*.9}% 11
\BOOKMARK [2][-]{section*.15}{ND280 Software}{section*.9}% 12
\BOOKMARK [1][-]{section*.17}{Hardware Upgrades}{section*.2}% 13
\BOOKMARK [2][-]{section*.18}{Scintillator Detector and Horizontal TPCs}{section*.17}% 14
\BOOKMARK [2][-]{section*.21}{Time of Flight Detectors}{section*.17}% 15
\BOOKMARK [1][-]{section*.22}{Super-FGD Beam Test}{section*.2}% 16
\BOOKMARK [2][-]{section*.23}{The Super-FGD Prototype}{section*.22}% 17
\BOOKMARK [2][-]{section*.25}{The Beam Test Configuration}{section*.22}% 18
\BOOKMARK [2][-]{section*.28}{MPPC Calibration}{section*.22}% 19
\BOOKMARK [2][-]{section*.30}{Initial Data}{section*.22}% 20
\BOOKMARK [1][-]{section*.32}{Software Changes}{section*.2}% 21
\BOOKMARK [1][-]{section*.33}{\(Anti-\)Electron Neutrino Detection at ND280}{section*.2}% 22
\BOOKMARK [2][-]{section*.34}{Selection Cuts}{section*.33}% 23
\BOOKMARK [1][-]{section*.35}{Future Work and Conclusions}{section*.2}% 24
\BOOKMARK [1][-]{section*.36}{References}{section*.2}% 25
